<?xml version="1.0" encoding="UTF-8"?>
<coverage generated="1701048798836" clover="3.2.0">
  <project timestamp="1701048798836" name="All files">
    <metrics statements="49" coveredstatements="41" conditionals="18" coveredconditionals="8" methods="31" coveredmethods="21" elements="98" coveredelements="70" complexity="0" loc="49" ncloc="49" packages="4" files="4" classes="4"/>
    <package name="components.hooks">
      <metrics statements="12" coveredstatements="11" conditionals="7" coveredconditionals="2" methods="7" coveredmethods="5"/>
      <file name="useNotiStack.tsx" path="C:\Users\camil\OneDrive\Documentos\proyectos-personales\sucus-page\src\components\hooks\useNotiStack.tsx">
        <metrics statements="12" coveredstatements="11" conditionals="7" coveredconditionals="2" methods="7" coveredmethods="5"/>
        <line num="1" count="1" type="stmt"/>
        <line num="2" count="1" type="stmt"/>
        <line num="22" count="1" type="stmt"/>
        <line num="23" count="3" type="stmt"/>
        <line num="29" count="1" type="stmt"/>
        <line num="30" count="1" type="stmt"/>
        <line num="39" count="0" type="stmt"/>
        <line num="47" count="1" type="stmt"/>
        <line num="48" count="12" type="stmt"/>
        <line num="60" count="1" type="stmt"/>
        <line num="63" count="3" type="cond" truecount="2" falsecount="0"/>
        <line num="70" count="12" type="stmt"/>
      </file>
    </package>
    <package name="components.ui">
      <metrics statements="14" coveredstatements="14" conditionals="5" coveredconditionals="2" methods="7" coveredmethods="5"/>
      <file name="ItemCounter.tsx" path="C:\Users\camil\OneDrive\Documentos\proyectos-personales\sucus-page\src\components\ui\ItemCounter.tsx">
        <metrics statements="14" coveredstatements="14" conditionals="5" coveredconditionals="2" methods="7" coveredmethods="5"/>
        <line num="1" count="1" type="stmt"/>
        <line num="2" count="1" type="stmt"/>
        <line num="4" count="1" type="stmt"/>
        <line num="5" count="1" type="stmt"/>
        <line num="18" count="1" type="stmt"/>
        <line num="26" count="20" type="stmt"/>
        <line num="27" count="12" type="stmt"/>
        <line num="28" count="12" type="stmt"/>
        <line num="30" count="12" type="stmt"/>
        <line num="37" count="3" type="cond" truecount="2" falsecount="0"/>
        <line num="38" count="1" type="stmt"/>
        <line num="41" count="1" type="stmt"/>
        <line num="48" count="2" type="stmt"/>
        <line num="65" count="8" type="stmt"/>
      </file>
    </package>
    <package name="data">
      <metrics statements="1" coveredstatements="1" conditionals="0" coveredconditionals="0" methods="0" coveredmethods="0"/>
      <file name="exampleCards.ts" path="C:\Users\camil\OneDrive\Documentos\proyectos-personales\sucus-page\src\data\exampleCards.ts">
        <metrics statements="1" coveredstatements="1" conditionals="0" coveredconditionals="0" methods="0" coveredmethods="0"/>
        <line num="3" count="1" type="stmt"/>
      </file>
    </package>
    <package name="store">
      <metrics statements="22" coveredstatements="15" conditionals="6" coveredconditionals="4" methods="17" coveredmethods="11"/>
      <file name="cartStore.ts" path="C:\Users\camil\OneDrive\Documentos\proyectos-personales\sucus-page\src\store\cartStore.ts">
        <metrics statements="22" coveredstatements="15" conditionals="6" coveredconditionals="4" methods="17" coveredmethods="11"/>
        <line num="1" count="1" type="stmt"/>
        <line num="2" count="1" type="stmt"/>
        <line num="23" count="1" type="stmt"/>
        <line num="25" count="1" type="stmt"/>
        <line num="28" count="6" type="stmt"/>
        <line num="29" count="5" type="cond" truecount="2" falsecount="0"/>
        <line num="31" count="5" type="cond" truecount="0" falsecount="1"/>
        <line num="32" count="5" type="stmt"/>
        <line num="41" count="2" type="stmt"/>
        <line num="44" count="2" type="cond" truecount="0" falsecount="1"/>
        <line num="45" count="2" type="stmt"/>
        <line num="50" count="2" type="stmt"/>
        <line num="53" count="0" type="stmt"/>
        <line num="54" count="0" type="stmt"/>
        <line num="57" count="0" type="stmt"/>
        <line num="58" count="0" type="stmt"/>
        <line num="59" count="0" type="stmt"/>
        <line num="62" count="0" type="stmt"/>
        <line num="64" count="0" type="stmt"/>
        <line num="66" count="20" type="stmt"/>
        <line num="67" count="20" type="stmt"/>
        <line num="68" count="20" type="cond" truecount="2" falsecount="0"/>
      </file>
    </package>
  </project>
</coverage>
