<?xml version="1.0" encoding="UTF-8"?>
<coverage generated="1700964847120" clover="3.2.0">
  <project timestamp="1700964847120" name="All files">
    <metrics statements="4" coveredstatements="4" conditionals="0" coveredconditionals="0" methods="5" coveredmethods="5" elements="9" coveredelements="9" complexity="0" loc="4" ncloc="4" packages="1" files="1" classes="1"/>
    <file name="uiStore.ts" path="C:\Users\camil\OneDrive\Documentos\proyectos-personales\sucus-page\src\store\uiStore.ts">
      <metrics statements="4" coveredstatements="4" conditionals="0" coveredconditionals="0" methods="5" coveredmethods="5"/>
      <line num="1" count="1" type="stmt"/>
      <line num="9" count="1" type="stmt"/>
      <line num="12" count="1" type="stmt"/>
      <line num="16" count="1" type="stmt"/>
    </file>
  </project>
</coverage>
