{"C:\\Users\\camil\\OneDrive\\Documentos\\proyectos-personales\\sucus-page\\src\\components\\hooks\\useDefineTheme.ts": {"path":"C:\\Users\\camil\\OneDrive\\Documentos\\proyectos-personales\\sucus-page\\src\\components\\hooks\\useDefineTheme.ts","statementMap":{"0":{"start":{"line":1,"column":0},"end":{"line":1,"column":57}},"1":{"start":{"line":2,"column":0},"end":{"line":2,"column":44}},"2":{"start":{"line":4,"column":30},"end":{"line":33,"column":1}},"3":{"start":{"line":5,"column":36},"end":{"line":5,"column":78}},"4":{"start":{"line":7,"column":16},"end":{"line":18,"column":4}},"5":{"start":{"line":20,"column":22},"end":{"line":22,"column":3}},"6":{"start":{"line":21,"column":4},"end":{"line":21,"column":74}},"7":{"start":{"line":21,"column":32},"end":{"line":21,"column":71}},"8":{"start":{"line":24,"column":2},"end":{"line":30,"column":9}},"9":{"start":{"line":25,"column":4},"end":{"line":29,"column":6}},"10":{"start":{"line":32,"column":2},"end":{"line":32,"column":32}},"11":{"start":{"line":4,"column":13},"end":{"line":4,"column":30}}},"fnMap":{"0":{"name":"(anonymous_0)","decl":{"start":{"line":4,"column":30},"end":{"line":4,"column":33}},"loc":{"start":{"line":4,"column":35},"end":{"line":33,"column":1}}},"1":{"name":"(anonymous_1)","decl":{"start":{"line":20,"column":22},"end":{"line":20,"column":25}},"loc":{"start":{"line":20,"column":27},"end":{"line":22,"column":3}}},"2":{"name":"(anonymous_2)","decl":{"start":{"line":21,"column":17},"end":{"line":21,"column":18}},"loc":{"start":{"line":21,"column":32},"end":{"line":21,"column":71}}},"3":{"name":"(anonymous_3)","decl":{"start":{"line":24,"column":12},"end":{"line":24,"column":15}},"loc":{"start":{"line":24,"column":17},"end":{"line":30,"column":3}}}},"branchMap":{"0":{"loc":{"start":{"line":11,"column":14},"end":{"line":11,"column":58}},"type":"cond-expr","locations":[{"start":{"line":11,"column":37},"end":{"line":11,"column":46}},{"start":{"line":11,"column":49},"end":{"line":11,"column":58}}]},"1":{"loc":{"start":{"line":14,"column":17},"end":{"line":14,"column":61}},"type":"cond-expr","locations":[{"start":{"line":14,"column":40},"end":{"line":14,"column":49}},{"start":{"line":14,"column":52},"end":{"line":14,"column":61}}]},"2":{"loc":{"start":{"line":21,"column":32},"end":{"line":21,"column":71}},"type":"cond-expr","locations":[{"start":{"line":21,"column":55},"end":{"line":21,"column":61}},{"start":{"line":21,"column":64},"end":{"line":21,"column":71}}]},"3":{"loc":{"start":{"line":26,"column":6},"end":{"line":28,"column":17}},"type":"cond-expr","locations":[{"start":{"line":27,"column":10},"end":{"line":27,"column":16}},{"start":{"line":28,"column":10},"end":{"line":28,"column":17}}]}},"s":{"0":1,"1":1,"2":1,"3":2,"4":2,"5":2,"6":1,"7":1,"8":2,"9":1,"10":2,"11":1},"f":{"0":2,"1":1,"2":1,"3":1},"b":{"0":[1,1],"1":[1,1],"2":[1,0],"3":[0,1]}}
,"C:\\Users\\camil\\OneDrive\\Documentos\\proyectos-personales\\sucus-page\\src\\components\\ui\\MuiSwitch.tsx": {"path":"C:\\Users\\camil\\OneDrive\\Documentos\\proyectos-personales\\sucus-page\\src\\components\\ui\\MuiSwitch.tsx","statementMap":{"0":{"start":{"line":1,"column":0},"end":{"line":1,"column":47}},"1":{"start":{"line":3,"column":13},"end":{"line":48,"column":4}},"2":{"start":{"line":3,"column":63},"end":{"line":48,"column":2}}},"fnMap":{"0":{"name":"(anonymous_0)","decl":{"start":{"line":3,"column":47},"end":{"line":3,"column":48}},"loc":{"start":{"line":3,"column":63},"end":{"line":48,"column":2}}}},"branchMap":{"0":{"loc":{"start":{"line":21,"column":25},"end":{"line":21,"column":78}},"type":"cond-expr","locations":[{"start":{"line":21,"column":57},"end":{"line":21,"column":66}},{"start":{"line":21,"column":69},"end":{"line":21,"column":78}}]},"1":{"loc":{"start":{"line":26,"column":21},"end":{"line":26,"column":74}},"type":"cond-expr","locations":[{"start":{"line":26,"column":53},"end":{"line":26,"column":62}},{"start":{"line":26,"column":65},"end":{"line":26,"column":74}}]},"2":{"loc":{"start":{"line":45,"column":21},"end":{"line":45,"column":74}},"type":"cond-expr","locations":[{"start":{"line":45,"column":53},"end":{"line":45,"column":62}},{"start":{"line":45,"column":65},"end":{"line":45,"column":74}}]}},"s":{"0":1,"1":1,"2":1},"f":{"0":1},"b":{"0":[0,1],"1":[0,1],"2":[0,1]}}
,"C:\\Users\\camil\\OneDrive\\Documentos\\proyectos-personales\\sucus-page\\src\\components\\ui\\ToggleThemeButton.tsx": {"path":"C:\\Users\\camil\\OneDrive\\Documentos\\proyectos-personales\\sucus-page\\src\\components\\ui\\ToggleThemeButton.tsx","statementMap":{"0":{"start":{"line":1,"column":0},"end":{"line":1,"column":41}},"1":{"start":{"line":2,"column":0},"end":{"line":2,"column":47}},"2":{"start":{"line":8,"column":26},"end":{"line":21,"column":1}},"3":{"start":{"line":9,"column":16},"end":{"line":9,"column":26}},"4":{"start":{"line":11,"column":2},"end":{"line":20,"column":4}},"5":{"start":{"line":23,"column":0},"end":{"line":23,"column":33}}},"fnMap":{"0":{"name":"(anonymous_0)","decl":{"start":{"line":8,"column":26},"end":{"line":8,"column":27}},"loc":{"start":{"line":8,"column":50},"end":{"line":21,"column":1}}}},"branchMap":{},"s":{"0":1,"1":1,"2":1,"3":1,"4":1,"5":1},"f":{"0":1},"b":{}}
,"C:\\Users\\camil\\OneDrive\\Documentos\\proyectos-personales\\sucus-page\\tests\\mocks\\windowMock.js": {"path":"C:\\Users\\camil\\OneDrive\\Documentos\\proyectos-personales\\sucus-page\\tests\\mocks\\windowMock.js","statementMap":{"0":{"start":{"line":1,"column":0},"end":{"line":13,"column":3}},"1":{"start":{"line":3,"column":50},"end":{"line":12,"column":5}}},"fnMap":{"0":{"name":"(anonymous_0)","decl":{"start":{"line":3,"column":40},"end":{"line":3,"column":41}},"loc":{"start":{"line":3,"column":50},"end":{"line":12,"column":5}},"line":3}},"branchMap":{},"s":{"0":1,"1":1},"f":{"0":1},"b":{},"_coverageSchema":"1a1c01bbd47fc00a2c39e90264f33305004495a9","hash":"f328ba6dfcfaa194e223ef3b62d563179abbb76d"}
}
