{"C:\\Users\\camil\\OneDrive\\Documentos\\proyectos-personales\\sucus-page\\src\\data\\exampleCards.ts": {"path":"C:\\Users\\camil\\OneDrive\\Documentos\\proyectos-personales\\sucus-page\\src\\data\\exampleCards.ts","statementMap":{"0":{"start":{"line":3,"column":13},"end":{"line":270,"column":2}}},"fnMap":{},"branchMap":{},"s":{"0":1},"f":{},"b":{}}
,"C:\\Users\\camil\\OneDrive\\Documentos\\proyectos-personales\\sucus-page\\src\\store\\cartStore.ts": {"path":"C:\\Users\\camil\\OneDrive\\Documentos\\proyectos-personales\\sucus-page\\src\\store\\cartStore.ts","statementMap":{"0":{"start":{"line":1,"column":0},"end":{"line":1,"column":33}},"1":{"start":{"line":2,"column":0},"end":{"line":2,"column":45}},"2":{"start":{"line":22,"column":13},"end":{"line":69,"column":2}},"3":{"start":{"line":24,"column":24},"end":{"line":64,"column":6}},"4":{"start":{"line":27,"column":8},"end":{"line":37,"column":11}},"5":{"start":{"line":27,"column":24},"end":{"line":37,"column":10}},"6":{"start":{"line":28,"column":48},"end":{"line":28,"column":71}},"7":{"start":{"line":30,"column":16},"end":{"line":30,"column":61}},"8":{"start":{"line":30,"column":45},"end":{"line":30,"column":61}},"9":{"start":{"line":31,"column":16},"end":{"line":34,"column":18}},"10":{"start":{"line":40,"column":8},"end":{"line":50,"column":11}},"11":{"start":{"line":40,"column":24},"end":{"line":50,"column":10}},"12":{"start":{"line":43,"column":14},"end":{"line":43,"column":46}},"13":{"start":{"line":43,"column":34},"end":{"line":43,"column":46}},"14":{"start":{"line":44,"column":14},"end":{"line":47,"column":16}},"15":{"start":{"line":49,"column":30},"end":{"line":49,"column":47}},"16":{"start":{"line":52,"column":8},"end":{"line":54,"column":11}},"17":{"start":{"line":52,"column":24},"end":{"line":54,"column":10}},"18":{"start":{"line":53,"column":46},"end":{"line":53,"column":60}},"19":{"start":{"line":56,"column":22},"end":{"line":56,"column":32}},"20":{"start":{"line":57,"column":25},"end":{"line":59,"column":null}},"21":{"start":{"line":58,"column":25},"end":{"line":58,"column":44}},"22":{"start":{"line":61,"column":8},"end":{"line":61,"column":24}},"23":{"start":{"line":63,"column":23},"end":{"line":63,"column":41}}},"fnMap":{"0":{"name":"(anonymous_0)","decl":{"start":{"line":24,"column":4},"end":{"line":24,"column":5}},"loc":{"start":{"line":24,"column":24},"end":{"line":64,"column":6}}},"1":{"name":"(anonymous_1)","decl":{"start":{"line":26,"column":17},"end":{"line":26,"column":18}},"loc":{"start":{"line":27,"column":8},"end":{"line":37,"column":11}}},"2":{"name":"(anonymous_2)","decl":{"start":{"line":27,"column":12},"end":{"line":27,"column":13}},"loc":{"start":{"line":27,"column":24},"end":{"line":37,"column":10}}},"3":{"name":"(anonymous_3)","decl":{"start":{"line":28,"column":34},"end":{"line":28,"column":35}},"loc":{"start":{"line":28,"column":48},"end":{"line":28,"column":71}}},"4":{"name":"(anonymous_4)","decl":{"start":{"line":29,"column":30},"end":{"line":29,"column":31}},"loc":{"start":{"line":29,"column":43},"end":{"line":35,"column":15}}},"5":{"name":"(anonymous_5)","decl":{"start":{"line":39,"column":25},"end":{"line":39,"column":26}},"loc":{"start":{"line":40,"column":8},"end":{"line":50,"column":11}}},"6":{"name":"(anonymous_6)","decl":{"start":{"line":40,"column":12},"end":{"line":40,"column":13}},"loc":{"start":{"line":40,"column":24},"end":{"line":50,"column":10}}},"7":{"name":"(anonymous_7)","decl":{"start":{"line":42,"column":17},"end":{"line":42,"column":18}},"loc":{"start":{"line":42,"column":26},"end":{"line":48,"column":13}}},"8":{"name":"(anonymous_8)","decl":{"start":{"line":49,"column":20},"end":{"line":49,"column":21}},"loc":{"start":{"line":49,"column":30},"end":{"line":49,"column":47}}},"9":{"name":"(anonymous_9)","decl":{"start":{"line":51,"column":25},"end":{"line":51,"column":26}},"loc":{"start":{"line":52,"column":8},"end":{"line":54,"column":11}}},"10":{"name":"(anonymous_10)","decl":{"start":{"line":52,"column":12},"end":{"line":52,"column":13}},"loc":{"start":{"line":52,"column":24},"end":{"line":54,"column":10}}},"11":{"name":"(anonymous_11)","decl":{"start":{"line":53,"column":36},"end":{"line":53,"column":37}},"loc":{"start":{"line":53,"column":46},"end":{"line":53,"column":60}}},"12":{"name":"(anonymous_12)","decl":{"start":{"line":55,"column":24},"end":{"line":55,"column":27}},"loc":{"start":{"line":55,"column":29},"end":{"line":62,"column":7}}},"13":{"name":"(anonymous_13)","decl":{"start":{"line":58,"column":10},"end":{"line":58,"column":11}},"loc":{"start":{"line":58,"column":25},"end":{"line":58,"column":44}}},"14":{"name":"(anonymous_14)","decl":{"start":{"line":63,"column":17},"end":{"line":63,"column":20}},"loc":{"start":{"line":63,"column":23},"end":{"line":63,"column":41}}}},"branchMap":{"0":{"loc":{"start":{"line":28,"column":17},"end":{"line":36,"column":56}},"type":"cond-expr","locations":[{"start":{"line":29,"column":14},"end":{"line":35,"column":16}},{"start":{"line":36,"column":14},"end":{"line":36,"column":56}}]},"1":{"loc":{"start":{"line":30,"column":16},"end":{"line":30,"column":61}},"type":"if","locations":[{"start":{"line":30,"column":16},"end":{"line":30,"column":61}}]},"2":{"loc":{"start":{"line":43,"column":14},"end":{"line":43,"column":46}},"type":"if","locations":[{"start":{"line":43,"column":14},"end":{"line":43,"column":46}}]}},"s":{"0":1,"1":1,"2":1,"3":1,"4":4,"5":4,"6":1,"7":1,"8":0,"9":1,"10":3,"11":3,"12":3,"13":0,"14":3,"15":3,"16":1,"17":1,"18":1,"19":1,"20":1,"21":1,"22":1,"23":1},"f":{"0":1,"1":4,"2":4,"3":1,"4":1,"5":3,"6":3,"7":3,"8":3,"9":1,"10":1,"11":1,"12":1,"13":1,"14":1},"b":{"0":[1,3],"1":[0],"2":[0]}}
}
